[0.450s] DEBUG:colcon:Command line arguments: ['/usr/bin/colcon', 'build']
[0.451s] DEBUG:colcon:Parsed command line arguments: Namespace(log_base=None, log_level=None, verb_name='build', build_base='build', install_base='install', merge_install=False, symlink_install=False, test_result_base=None, continue_on_error=False, executor='parallel', parallel_workers=2, event_handlers=None, ignore_user_meta=False, metas=['./colcon.meta'], base_paths=['.'], packages_ignore=None, packages_ignore_regex=None, paths=None, packages_up_to=None, packages_up_to_regex=None, packages_above=None, packages_above_and_dependencies=None, packages_above_depth=None, packages_select_by_dep=None, packages_skip_by_dep=None, packages_skip_up_to=None, packages_select_build_failed=False, packages_skip_build_finished=False, packages_select_test_failures=False, packages_skip_test_passed=False, packages_select=None, packages_skip=None, packages_select_regex=None, packages_skip_regex=None, packages_start=None, packages_end=None, allow_overriding=[], cmake_args=None, cmake_target=None, cmake_target_skip_unavailable=False, cmake_clean_cache=False, cmake_clean_first=False, cmake_force_configure=False, ament_cmake_args=None, catkin_cmake_args=None, catkin_skip_building_tests=False, verb_parser=<colcon_defaults.argument_parser.defaults.DefaultArgumentsDecorator object at 0x7660aa60ba60>, verb_extension=<colcon_core.verb.build.BuildVerb object at 0x7660aa60b550>, main=<bound method BuildVerb.main of <colcon_core.verb.build.BuildVerb object at 0x7660aa60b550>>)
[1.279s] Level 1:colcon.colcon_core.package_discovery:discover_packages(colcon_meta) check parameters
[1.281s] Level 1:colcon.colcon_core.package_discovery:discover_packages(recursive) check parameters
[1.281s] Level 1:colcon.colcon_core.package_discovery:discover_packages(ignore) check parameters
[1.282s] Level 1:colcon.colcon_core.package_discovery:discover_packages(path) check parameters
[1.282s] Level 1:colcon.colcon_core.package_discovery:discover_packages(colcon_meta) discover
[1.282s] Level 1:colcon.colcon_core.package_discovery:discover_packages(recursive) discover
[1.283s] INFO:colcon.colcon_core.package_discovery:Crawling recursively for packages in '/home/luotianyi/ros2_ws'
[1.284s] Level 1:colcon.colcon_core.package_identification:_identify(.) by extensions ['ignore', 'ignore_ament_install']
[1.284s] Level 1:colcon.colcon_core.package_identification:_identify(.) by extension 'ignore'
[1.285s] Level 1:colcon.colcon_core.package_identification:_identify(.) by extension 'ignore_ament_install'
[1.285s] Level 1:colcon.colcon_core.package_identification:_identify(.) by extensions ['colcon_pkg']
[1.286s] Level 1:colcon.colcon_core.package_identification:_identify(.) by extension 'colcon_pkg'
[1.286s] Level 1:colcon.colcon_core.package_identification:_identify(.) by extensions ['colcon_meta']
[1.286s] Level 1:colcon.colcon_core.package_identification:_identify(.) by extension 'colcon_meta'
[1.286s] Level 1:colcon.colcon_core.package_identification:_identify(.) by extensions ['ros']
[1.286s] Level 1:colcon.colcon_core.package_identification:_identify(.) by extension 'ros'
[1.346s] Level 1:colcon.colcon_core.package_identification:_identify(.) by extensions ['cmake', 'python']
[1.347s] Level 1:colcon.colcon_core.package_identification:_identify(.) by extension 'cmake'
[1.348s] Level 1:colcon.colcon_core.package_identification:_identify(.) by extension 'python'
[1.348s] Level 1:colcon.colcon_core.package_identification:_identify(.) by extensions ['python_setup_py']
[1.348s] Level 1:colcon.colcon_core.package_identification:_identify(.) by extension 'python_setup_py'
[1.349s] Level 1:colcon.colcon_core.package_identification:_identify(build) by extensions ['ignore', 'ignore_ament_install']
[1.349s] Level 1:colcon.colcon_core.package_identification:_identify(build) by extension 'ignore'
[1.350s] Level 1:colcon.colcon_core.package_identification:_identify(build) ignored
[1.350s] Level 1:colcon.colcon_core.package_identification:_identify(install) by extensions ['ignore', 'ignore_ament_install']
[1.351s] Level 1:colcon.colcon_core.package_identification:_identify(install) by extension 'ignore'
[1.351s] Level 1:colcon.colcon_core.package_identification:_identify(install) ignored
[1.352s] Level 1:colcon.colcon_core.package_identification:_identify(log) by extensions ['ignore', 'ignore_ament_install']
[1.353s] Level 1:colcon.colcon_core.package_identification:_identify(log) by extension 'ignore'
[1.353s] Level 1:colcon.colcon_core.package_identification:_identify(log) ignored
[1.354s] Level 1:colcon.colcon_core.package_identification:_identify(src) by extensions ['ignore', 'ignore_ament_install']
[1.354s] Level 1:colcon.colcon_core.package_identification:_identify(src) by extension 'ignore'
[1.355s] Level 1:colcon.colcon_core.package_identification:_identify(src) by extension 'ignore_ament_install'
[1.355s] Level 1:colcon.colcon_core.package_identification:_identify(src) by extensions ['colcon_pkg']
[1.355s] Level 1:colcon.colcon_core.package_identification:_identify(src) by extension 'colcon_pkg'
[1.356s] Level 1:colcon.colcon_core.package_identification:_identify(src) by extensions ['colcon_meta']
[1.356s] Level 1:colcon.colcon_core.package_identification:_identify(src) by extension 'colcon_meta'
[1.356s] Level 1:colcon.colcon_core.package_identification:_identify(src) by extensions ['ros']
[1.358s] Level 1:colcon.colcon_core.package_identification:_identify(src) by extension 'ros'
[1.359s] Level 1:colcon.colcon_core.package_identification:_identify(src) by extensions ['cmake', 'python']
[1.359s] Level 1:colcon.colcon_core.package_identification:_identify(src) by extension 'cmake'
[1.360s] Level 1:colcon.colcon_core.package_identification:_identify(src) by extension 'python'
[1.360s] Level 1:colcon.colcon_core.package_identification:_identify(src) by extensions ['python_setup_py']
[1.360s] Level 1:colcon.colcon_core.package_identification:_identify(src) by extension 'python_setup_py'
[1.361s] Level 1:colcon.colcon_core.package_identification:_identify(src/turtle_follower) by extensions ['ignore', 'ignore_ament_install']
[1.362s] Level 1:colcon.colcon_core.package_identification:_identify(src/turtle_follower) by extension 'ignore'
[1.363s] Level 1:colcon.colcon_core.package_identification:_identify(src/turtle_follower) by extension 'ignore_ament_install'
[1.363s] Level 1:colcon.colcon_core.package_identification:_identify(src/turtle_follower) by extensions ['colcon_pkg']
[1.363s] Level 1:colcon.colcon_core.package_identification:_identify(src/turtle_follower) by extension 'colcon_pkg'
[1.364s] Level 1:colcon.colcon_core.package_identification:_identify(src/turtle_follower) by extensions ['colcon_meta']
[1.364s] Level 1:colcon.colcon_core.package_identification:_identify(src/turtle_follower) by extension 'colcon_meta'
[1.364s] Level 1:colcon.colcon_core.package_identification:_identify(src/turtle_follower) by extensions ['ros']
[1.364s] Level 1:colcon.colcon_core.package_identification:_identify(src/turtle_follower) by extension 'ros'
[1.376s] DEBUG:colcon.colcon_core.package_identification:Package 'src/turtle_follower' with type 'ros.ament_python' and name 'turtle_follower'
[1.377s] Level 1:colcon.colcon_core.package_discovery:discover_packages(recursive) using defaults
[1.378s] Level 1:colcon.colcon_core.package_discovery:discover_packages(ignore) discover
[1.378s] Level 1:colcon.colcon_core.package_discovery:discover_packages(ignore) using defaults
[1.378s] Level 1:colcon.colcon_core.package_discovery:discover_packages(path) discover
[1.378s] Level 1:colcon.colcon_core.package_discovery:discover_packages(path) using defaults
[1.481s] Level 1:colcon.colcon_core.package_discovery:discover_packages(prefix_path) check parameters
[1.482s] Level 1:colcon.colcon_core.package_discovery:discover_packages(prefix_path) discover
[1.491s] DEBUG:colcon.colcon_installed_package_information.package_discovery:Found 1 installed packages in /home/luotianyi/ros2_ws/install
[1.498s] DEBUG:colcon.colcon_installed_package_information.package_discovery:Found 281 installed packages in /opt/ros/iron
[1.505s] Level 1:colcon.colcon_core.package_discovery:discover_packages(prefix_path) using defaults
[1.833s] Level 5:colcon.colcon_core.verb:set package 'turtle_follower' build argument 'cmake_args' from command line to 'None'
[1.833s] Level 5:colcon.colcon_core.verb:set package 'turtle_follower' build argument 'cmake_target' from command line to 'None'
[1.834s] Level 5:colcon.colcon_core.verb:set package 'turtle_follower' build argument 'cmake_target_skip_unavailable' from command line to 'False'
[1.834s] Level 5:colcon.colcon_core.verb:set package 'turtle_follower' build argument 'cmake_clean_cache' from command line to 'False'
[1.834s] Level 5:colcon.colcon_core.verb:set package 'turtle_follower' build argument 'cmake_clean_first' from command line to 'False'
[1.834s] Level 5:colcon.colcon_core.verb:set package 'turtle_follower' build argument 'cmake_force_configure' from command line to 'False'
[1.834s] Level 5:colcon.colcon_core.verb:set package 'turtle_follower' build argument 'ament_cmake_args' from command line to 'None'
[1.834s] Level 5:colcon.colcon_core.verb:set package 'turtle_follower' build argument 'catkin_cmake_args' from command line to 'None'
[1.834s] Level 5:colcon.colcon_core.verb:set package 'turtle_follower' build argument 'catkin_skip_building_tests' from command line to 'False'
[1.834s] DEBUG:colcon.colcon_core.verb:Building package 'turtle_follower' with the following arguments: {'ament_cmake_args': None, 'build_base': '/home/luotianyi/ros2_ws/build/turtle_follower', 'catkin_cmake_args': None, 'catkin_skip_building_tests': False, 'cmake_args': None, 'cmake_clean_cache': False, 'cmake_clean_first': False, 'cmake_force_configure': False, 'cmake_target': None, 'cmake_target_skip_unavailable': False, 'install_base': '/home/luotianyi/ros2_ws/install/turtle_follower', 'merge_install': False, 'path': '/home/luotianyi/ros2_ws/src/turtle_follower', 'symlink_install': False, 'test_result_base': None}
[1.835s] INFO:colcon.colcon_core.executor:Executing jobs using 'parallel' executor
[1.840s] DEBUG:colcon.colcon_parallel_executor.executor.parallel:run_until_complete
[1.844s] INFO:colcon.colcon_ros.task.ament_python.build:Building ROS package in '/home/luotianyi/ros2_ws/src/turtle_follower' with build type 'ament_python'
[1.844s] Level 1:colcon.colcon_core.shell:create_environment_hook('turtle_follower', 'ament_prefix_path')
[1.858s] INFO:colcon.colcon_core.plugin_system:Skipping extension 'colcon_core.shell.bat': Not used on non-Windows systems
[1.859s] INFO:colcon.colcon_core.shell:Creating environment hook '/home/luotianyi/ros2_ws/install/turtle_follower/share/turtle_follower/hook/ament_prefix_path.ps1'
[1.864s] INFO:colcon.colcon_core.shell:Creating environment descriptor '/home/luotianyi/ros2_ws/install/turtle_follower/share/turtle_follower/hook/ament_prefix_path.dsv'
[1.866s] INFO:colcon.colcon_core.shell:Creating environment hook '/home/luotianyi/ros2_ws/install/turtle_follower/share/turtle_follower/hook/ament_prefix_path.sh'
[1.874s] INFO:colcon.colcon_core.shell:Skip shell extension 'powershell' for command environment: Not usable outside of PowerShell
[1.874s] DEBUG:colcon.colcon_core.shell:Skip shell extension 'dsv' for command environment
[3.707s] INFO:colcon.colcon_core.task.python.build:Building Python package in '/home/luotianyi/ros2_ws/src/turtle_follower'
[3.709s] INFO:colcon.colcon_core.shell:Skip shell extension 'powershell' for command environment: Not usable outside of PowerShell
[3.709s] DEBUG:colcon.colcon_core.shell:Skip shell extension 'dsv' for command environment
[6.469s] DEBUG:colcon.colcon_core.event_handler.log_command:Invoking command in '/home/luotianyi/ros2_ws/src/turtle_follower': PYTHONPATH=/home/luotianyi/ros2_ws/build/turtle_follower/prefix_override:/usr/lib/python3/dist-packages/colcon_core/task/python/colcon_distutils_commands:/home/luotianyi/ros2_ws/install/turtle_follower/lib/python3.10/site-packages:${PYTHONPATH} /usr/bin/python3 -W ignore:setup.py install is deprecated setup.py egg_info --egg-base ../../build/turtle_follower build --build-base /home/luotianyi/ros2_ws/build/turtle_follower/build install --record /home/luotianyi/ros2_ws/build/turtle_follower/install.log --single-version-externally-managed install_data
[8.867s] DEBUG:colcon.colcon_core.event_handler.log_command:Invoked command in '/home/luotianyi/ros2_ws/src/turtle_follower' returned '0': PYTHONPATH=/home/luotianyi/ros2_ws/build/turtle_follower/prefix_override:/usr/lib/python3/dist-packages/colcon_core/task/python/colcon_distutils_commands:/home/luotianyi/ros2_ws/install/turtle_follower/lib/python3.10/site-packages:${PYTHONPATH} /usr/bin/python3 -W ignore:setup.py install is deprecated setup.py egg_info --egg-base ../../build/turtle_follower build --build-base /home/luotianyi/ros2_ws/build/turtle_follower/build install --record /home/luotianyi/ros2_ws/build/turtle_follower/install.log --single-version-externally-managed install_data
[8.897s] Level 1:colcon.colcon_core.environment:checking '/home/luotianyi/ros2_ws/install/turtle_follower' for CMake module files
[8.899s] Level 1:colcon.colcon_core.environment:checking '/home/luotianyi/ros2_ws/install/turtle_follower' for CMake config files
[8.912s] Level 1:colcon.colcon_core.environment:checking '/home/luotianyi/ros2_ws/install/turtle_follower/lib'
[8.917s] Level 1:colcon.colcon_core.environment:checking '/home/luotianyi/ros2_ws/install/turtle_follower/bin'
[8.918s] Level 1:colcon.colcon_core.environment:checking '/home/luotianyi/ros2_ws/install/turtle_follower/lib/pkgconfig/turtle_follower.pc'
[8.923s] Level 1:colcon.colcon_core.environment:checking '/home/luotianyi/ros2_ws/install/turtle_follower/lib/python3.10/site-packages'
[8.924s] Level 1:colcon.colcon_core.shell:create_environment_hook('turtle_follower', 'pythonpath')
[8.927s] INFO:colcon.colcon_core.shell:Creating environment hook '/home/luotianyi/ros2_ws/install/turtle_follower/share/turtle_follower/hook/pythonpath.ps1'
[8.931s] INFO:colcon.colcon_core.shell:Creating environment descriptor '/home/luotianyi/ros2_ws/install/turtle_follower/share/turtle_follower/hook/pythonpath.dsv'
[8.936s] INFO:colcon.colcon_core.shell:Creating environment hook '/home/luotianyi/ros2_ws/install/turtle_follower/share/turtle_follower/hook/pythonpath.sh'
[8.945s] Level 1:colcon.colcon_core.environment:checking '/home/luotianyi/ros2_ws/install/turtle_follower/bin'
[8.945s] Level 1:colcon.colcon_core.environment:create_environment_scripts_only(turtle_follower)
[8.947s] INFO:colcon.colcon_core.shell:Creating package script '/home/luotianyi/ros2_ws/install/turtle_follower/share/turtle_follower/package.ps1'
[8.959s] INFO:colcon.colcon_core.shell:Creating package descriptor '/home/luotianyi/ros2_ws/install/turtle_follower/share/turtle_follower/package.dsv'
[8.967s] INFO:colcon.colcon_core.shell:Creating package script '/home/luotianyi/ros2_ws/install/turtle_follower/share/turtle_follower/package.sh'
[8.977s] INFO:colcon.colcon_core.shell:Creating package script '/home/luotianyi/ros2_ws/install/turtle_follower/share/turtle_follower/package.bash'
[8.990s] INFO:colcon.colcon_core.shell:Creating package script '/home/luotianyi/ros2_ws/install/turtle_follower/share/turtle_follower/package.zsh'
[8.999s] Level 1:colcon.colcon_core.environment:create_file_with_runtime_dependencies(/home/luotianyi/ros2_ws/install/turtle_follower/share/colcon-core/packages/turtle_follower)
[9.003s] DEBUG:colcon.colcon_parallel_executor.executor.parallel:closing loop
[9.003s] DEBUG:colcon.colcon_parallel_executor.executor.parallel:loop closed
[9.003s] DEBUG:colcon.colcon_parallel_executor.executor.parallel:run_until_complete finished with '0'
[9.010s] DEBUG:colcon.colcon_core.event_reactor:joining thread
[9.058s] INFO:colcon.colcon_core.plugin_system:Skipping extension 'colcon_notification.desktop_notification.terminal_notifier': Not used on non-Darwin systems
[9.059s] INFO:colcon.colcon_core.plugin_system:Skipping extension 'colcon_notification.desktop_notification.win32': Not used on non-Windows systems
[9.059s] INFO:colcon.colcon_notification.desktop_notification:Sending desktop notification using 'notify2'
[9.147s] DEBUG:colcon.colcon_core.event_reactor:joined thread
[9.151s] INFO:colcon.colcon_core.shell:Creating prefix script '/home/luotianyi/ros2_ws/install/local_setup.ps1'
[9.162s] INFO:colcon.colcon_core.shell:Creating prefix util module '/home/luotianyi/ros2_ws/install/_local_setup_util_ps1.py'
[9.177s] INFO:colcon.colcon_core.shell:Creating prefix chain script '/home/luotianyi/ros2_ws/install/setup.ps1'
[9.187s] INFO:colcon.colcon_core.shell:Creating prefix script '/home/luotianyi/ros2_ws/install/local_setup.sh'
[9.196s] INFO:colcon.colcon_core.shell:Creating prefix util module '/home/luotianyi/ros2_ws/install/_local_setup_util_sh.py'
[9.205s] INFO:colcon.colcon_core.shell:Creating prefix chain script '/home/luotianyi/ros2_ws/install/setup.sh'
[9.225s] INFO:colcon.colcon_core.shell:Creating prefix script '/home/luotianyi/ros2_ws/install/local_setup.bash'
[9.228s] INFO:colcon.colcon_core.shell:Creating prefix chain script '/home/luotianyi/ros2_ws/install/setup.bash'
[9.240s] INFO:colcon.colcon_core.shell:Creating prefix script '/home/luotianyi/ros2_ws/install/local_setup.zsh'
[9.245s] INFO:colcon.colcon_core.shell:Creating prefix chain script '/home/luotianyi/ros2_ws/install/setup.zsh'
