[4.401s] Invoking command in '/home/luotianyi/ros2_ws/src/turtle_follower': PYTHONPATH=/home/luotianyi/ros2_ws/build/turtle_follower/prefix_override:/usr/lib/python3/dist-packages/colcon_core/task/python/colcon_distutils_commands:/home/luotianyi/ros2_ws/install/turtle_follower/lib/python3.10/site-packages:${PYTHONPATH} /usr/bin/python3 -W ignore:setup.py install is deprecated setup.py egg_info --egg-base ../../build/turtle_follower build --build-base /home/luotianyi/ros2_ws/build/turtle_follower/build install --record /home/luotianyi/ros2_ws/build/turtle_follower/install.log --single-version-externally-managed install_data
[6.197s] running egg_info
[6.201s] writing ../../build/turtle_follower/turtle_follower.egg-info/PKG-INFO
[6.215s] writing dependency_links to ../../build/turtle_follower/turtle_follower.egg-info/dependency_links.txt
[6.215s] writing entry points to ../../build/turtle_follower/turtle_follower.egg-info/entry_points.txt
[6.216s] writing requirements to ../../build/turtle_follower/turtle_follower.egg-info/requires.txt
[6.222s] writing top-level names to ../../build/turtle_follower/turtle_follower.egg-info/top_level.txt
[6.223s] reading manifest file '../../build/turtle_follower/turtle_follower.egg-info/SOURCES.txt'
[6.226s] writing manifest file '../../build/turtle_follower/turtle_follower.egg-info/SOURCES.txt'
[6.236s] running build
[6.237s] running build_py
[6.237s] copying turtle_follower/turtle_square.py -> /home/luotianyi/ros2_ws/build/turtle_follower/build/lib/turtle_follower
[6.244s] copying turtle_follower/turtle_follower.py -> /home/luotianyi/ros2_ws/build/turtle_follower/build/lib/turtle_follower
[6.249s] running install
[6.249s] running install_lib
[6.253s] copying /home/luotianyi/ros2_ws/build/turtle_follower/build/lib/turtle_follower/turtle_square.py -> /home/luotianyi/ros2_ws/install/turtle_follower/lib/python3.10/site-packages/turtle_follower
[6.254s] copying /home/luotianyi/ros2_ws/build/turtle_follower/build/lib/turtle_follower/turtle_follower.py -> /home/luotianyi/ros2_ws/install/turtle_follower/lib/python3.10/site-packages/turtle_follower
[6.257s] byte-compiling /home/luotianyi/ros2_ws/install/turtle_follower/lib/python3.10/site-packages/turtle_follower/turtle_square.py to turtle_square.cpython-310.pyc
[6.263s] byte-compiling /home/luotianyi/ros2_ws/install/turtle_follower/lib/python3.10/site-packages/turtle_follower/turtle_follower.py to turtle_follower.cpython-310.pyc
[6.269s] running install_data
[6.279s] running install_egg_info
[6.296s] removing '/home/luotianyi/ros2_ws/install/turtle_follower/lib/python3.10/site-packages/turtle_follower-0.0.0-py3.10.egg-info' (and everything under it)
[6.311s] Copying ../../build/turtle_follower/turtle_follower.egg-info to /home/luotianyi/ros2_ws/install/turtle_follower/lib/python3.10/site-packages/turtle_follower-0.0.0-py3.10.egg-info
[6.317s] running install_scripts
[6.454s] Installing turtle_follower script to /home/luotianyi/ros2_ws/install/turtle_follower/lib/turtle_follower
[6.458s] Installing turtle_square script to /home/luotianyi/ros2_ws/install/turtle_follower/lib/turtle_follower
[6.461s] writing list of installed files to '/home/luotianyi/ros2_ws/build/turtle_follower/install.log'
[6.627s] Invoked command in '/home/luotianyi/ros2_ws/src/turtle_follower' returned '0': PYTHONPATH=/home/luotianyi/ros2_ws/build/turtle_follower/prefix_override:/usr/lib/python3/dist-packages/colcon_core/task/python/colcon_distutils_commands:/home/luotianyi/ros2_ws/install/turtle_follower/lib/python3.10/site-packages:${PYTHONPATH} /usr/bin/python3 -W ignore:setup.py install is deprecated setup.py egg_info --egg-base ../../build/turtle_follower build --build-base /home/luotianyi/ros2_ws/build/turtle_follower/build install --record /home/luotianyi/ros2_ws/build/turtle_follower/install.log --single-version-externally-managed install_data
