[1.079s] Invoking command in '/home/luotianyi/ros2_ws/src/turtle_follower': PYTHONPATH=/home/luotianyi/ros2_ws/build/turtle_follower/prefix_override:/usr/lib/python3/dist-packages/colcon_core/task/python/colcon_distutils_commands:/home/luotianyi/ros2_ws/install/turtle_follower/lib/python3.10/site-packages:${PYTHONPATH} /usr/bin/python3 -W ignore:setup.py install is deprecated setup.py egg_info --egg-base ../../build/turtle_follower build --build-base /home/luotianyi/ros2_ws/build/turtle_follower/build install --record /home/luotianyi/ros2_ws/build/turtle_follower/install.log --single-version-externally-managed install_data
[1.508s] running egg_info
[1.510s] creating ../../build/turtle_follower/turtle_follower.egg-info
[1.513s] writing ../../build/turtle_follower/turtle_follower.egg-info/PKG-INFO
[1.513s] writing dependency_links to ../../build/turtle_follower/turtle_follower.egg-info/dependency_links.txt
[1.513s] writing entry points to ../../build/turtle_follower/turtle_follower.egg-info/entry_points.txt
[1.513s] writing requirements to ../../build/turtle_follower/turtle_follower.egg-info/requires.txt
[1.513s] writing top-level names to ../../build/turtle_follower/turtle_follower.egg-info/top_level.txt
[1.513s] writing manifest file '../../build/turtle_follower/turtle_follower.egg-info/SOURCES.txt'
[1.518s] reading manifest file '../../build/turtle_follower/turtle_follower.egg-info/SOURCES.txt'
[1.519s] writing manifest file '../../build/turtle_follower/turtle_follower.egg-info/SOURCES.txt'
[1.520s] running build
[1.520s] running build_py
[1.520s] creating /home/luotianyi/ros2_ws/build/turtle_follower/build
[1.520s] creating /home/luotianyi/ros2_ws/build/turtle_follower/build/lib
[1.521s] creating /home/luotianyi/ros2_ws/build/turtle_follower/build/lib/turtle_follower
[1.521s] copying turtle_follower/turtle_follower.py -> /home/luotianyi/ros2_ws/build/turtle_follower/build/lib/turtle_follower
[1.523s] copying turtle_follower/__init__.py -> /home/luotianyi/ros2_ws/build/turtle_follower/build/lib/turtle_follower
[1.523s] running install
[1.524s] running install_lib
[1.524s] creating /home/luotianyi/ros2_ws/install/turtle_follower/lib/python3.10/site-packages/turtle_follower
[1.524s] copying /home/luotianyi/ros2_ws/build/turtle_follower/build/lib/turtle_follower/turtle_follower.py -> /home/luotianyi/ros2_ws/install/turtle_follower/lib/python3.10/site-packages/turtle_follower
[1.524s] copying /home/luotianyi/ros2_ws/build/turtle_follower/build/lib/turtle_follower/__init__.py -> /home/luotianyi/ros2_ws/install/turtle_follower/lib/python3.10/site-packages/turtle_follower
[1.524s] byte-compiling /home/luotianyi/ros2_ws/install/turtle_follower/lib/python3.10/site-packages/turtle_follower/turtle_follower.py to turtle_follower.cpython-310.pyc
[1.526s] byte-compiling /home/luotianyi/ros2_ws/install/turtle_follower/lib/python3.10/site-packages/turtle_follower/__init__.py to __init__.cpython-310.pyc
[1.526s] running install_data
[1.529s] creating /home/luotianyi/ros2_ws/install/turtle_follower/share/ament_index
[1.529s] creating /home/luotianyi/ros2_ws/install/turtle_follower/share/ament_index/resource_index
[1.529s] creating /home/luotianyi/ros2_ws/install/turtle_follower/share/ament_index/resource_index/packages
[1.529s] copying resource/turtle_follower -> /home/luotianyi/ros2_ws/install/turtle_follower/share/ament_index/resource_index/packages
[1.529s] copying package.xml -> /home/luotianyi/ros2_ws/install/turtle_follower/share/turtle_follower
[1.529s] running install_egg_info
[1.532s] Copying ../../build/turtle_follower/turtle_follower.egg-info to /home/luotianyi/ros2_ws/install/turtle_follower/lib/python3.10/site-packages/turtle_follower-0.0.0-py3.10.egg-info
[1.532s] running install_scripts
[1.567s] Installing turtle_follower script to /home/luotianyi/ros2_ws/install/turtle_follower/lib/turtle_follower
[1.568s] writing list of installed files to '/home/luotianyi/ros2_ws/build/turtle_follower/install.log'
[1.609s] Invoked command in '/home/luotianyi/ros2_ws/src/turtle_follower' returned '0': PYTHONPATH=/home/luotianyi/ros2_ws/build/turtle_follower/prefix_override:/usr/lib/python3/dist-packages/colcon_core/task/python/colcon_distutils_commands:/home/luotianyi/ros2_ws/install/turtle_follower/lib/python3.10/site-packages:${PYTHONPATH} /usr/bin/python3 -W ignore:setup.py install is deprecated setup.py egg_info --egg-base ../../build/turtle_follower build --build-base /home/luotianyi/ros2_ws/build/turtle_follower/build install --record /home/luotianyi/ros2_ws/build/turtle_follower/install.log --single-version-externally-managed install_data
