[0.450s] DEBUG:colcon:Command line arguments: ['/usr/bin/colcon', 'build']
[0.450s] DEBUG:colcon:Parsed command line arguments: Namespace(log_base=None, log_level=None, verb_name='build', build_base='build', install_base='install', merge_install=False, symlink_install=False, test_result_base=None, continue_on_error=False, executor='parallel', parallel_workers=2, event_handlers=None, ignore_user_meta=False, metas=['./colcon.meta'], base_paths=['.'], packages_ignore=None, packages_ignore_regex=None, paths=None, packages_up_to=None, packages_up_to_regex=None, packages_above=None, packages_above_and_dependencies=None, packages_above_depth=None, packages_select_by_dep=None, packages_skip_by_dep=None, packages_skip_up_to=None, packages_select_build_failed=False, packages_skip_build_finished=False, packages_select_test_failures=False, packages_skip_test_passed=False, packages_select=None, packages_skip=None, packages_select_regex=None, packages_skip_regex=None, packages_start=None, packages_end=None, allow_overriding=[], cmake_args=None, cmake_target=None, cmake_target_skip_unavailable=False, cmake_clean_cache=False, cmake_clean_first=False, cmake_force_configure=False, ament_cmake_args=None, catkin_cmake_args=None, catkin_skip_building_tests=False, verb_parser=<colcon_defaults.argument_parser.defaults.DefaultArgumentsDecorator object at 0x745fe12dba60>, verb_extension=<colcon_core.verb.build.BuildVerb object at 0x745fe12db550>, main=<bound method BuildVerb.main of <colcon_core.verb.build.BuildVerb object at 0x745fe12db550>>)
[1.724s] Level 1:colcon.colcon_core.package_discovery:discover_packages(colcon_meta) check parameters
[1.725s] Level 1:colcon.colcon_core.package_discovery:discover_packages(recursive) check parameters
[1.726s] Level 1:colcon.colcon_core.package_discovery:discover_packages(ignore) check parameters
[1.726s] Level 1:colcon.colcon_core.package_discovery:discover_packages(path) check parameters
[1.727s] Level 1:colcon.colcon_core.package_discovery:discover_packages(colcon_meta) discover
[1.727s] Level 1:colcon.colcon_core.package_discovery:discover_packages(recursive) discover
[1.728s] INFO:colcon.colcon_core.package_discovery:Crawling recursively for packages in '/home/luotianyi/ros2_ws'
[1.729s] Level 1:colcon.colcon_core.package_identification:_identify(.) by extensions ['ignore', 'ignore_ament_install']
[1.729s] Level 1:colcon.colcon_core.package_identification:_identify(.) by extension 'ignore'
[1.730s] Level 1:colcon.colcon_core.package_identification:_identify(.) by extension 'ignore_ament_install'
[1.730s] Level 1:colcon.colcon_core.package_identification:_identify(.) by extensions ['colcon_pkg']
[1.730s] Level 1:colcon.colcon_core.package_identification:_identify(.) by extension 'colcon_pkg'
[1.730s] Level 1:colcon.colcon_core.package_identification:_identify(.) by extensions ['colcon_meta']
[1.730s] Level 1:colcon.colcon_core.package_identification:_identify(.) by extension 'colcon_meta'
[1.734s] Level 1:colcon.colcon_core.package_identification:_identify(.) by extensions ['ros']
[1.736s] Level 1:colcon.colcon_core.package_identification:_identify(.) by extension 'ros'
[1.806s] Level 1:colcon.colcon_core.package_identification:_identify(.) by extensions ['cmake', 'python']
[1.806s] Level 1:colcon.colcon_core.package_identification:_identify(.) by extension 'cmake'
[1.807s] Level 1:colcon.colcon_core.package_identification:_identify(.) by extension 'python'
[1.807s] Level 1:colcon.colcon_core.package_identification:_identify(.) by extensions ['python_setup_py']
[1.807s] Level 1:colcon.colcon_core.package_identification:_identify(.) by extension 'python_setup_py'
[1.808s] Level 1:colcon.colcon_core.package_identification:_identify(build) by extensions ['ignore', 'ignore_ament_install']
[1.808s] Level 1:colcon.colcon_core.package_identification:_identify(build) by extension 'ignore'
[1.808s] Level 1:colcon.colcon_core.package_identification:_identify(build) ignored
[1.811s] Level 1:colcon.colcon_core.package_identification:_identify(install) by extensions ['ignore', 'ignore_ament_install']
[1.811s] Level 1:colcon.colcon_core.package_identification:_identify(install) by extension 'ignore'
[1.812s] Level 1:colcon.colcon_core.package_identification:_identify(install) ignored
[1.812s] Level 1:colcon.colcon_core.package_identification:_identify(log) by extensions ['ignore', 'ignore_ament_install']
[1.814s] Level 1:colcon.colcon_core.package_identification:_identify(log) by extension 'ignore'
[1.814s] Level 1:colcon.colcon_core.package_identification:_identify(log) ignored
[1.815s] Level 1:colcon.colcon_core.package_identification:_identify(src) by extensions ['ignore', 'ignore_ament_install']
[1.817s] Level 1:colcon.colcon_core.package_identification:_identify(src) by extension 'ignore'
[1.817s] Level 1:colcon.colcon_core.package_identification:_identify(src) by extension 'ignore_ament_install'
[1.818s] Level 1:colcon.colcon_core.package_identification:_identify(src) by extensions ['colcon_pkg']
[1.818s] Level 1:colcon.colcon_core.package_identification:_identify(src) by extension 'colcon_pkg'
[1.818s] Level 1:colcon.colcon_core.package_identification:_identify(src) by extensions ['colcon_meta']
[1.819s] Level 1:colcon.colcon_core.package_identification:_identify(src) by extension 'colcon_meta'
[1.819s] Level 1:colcon.colcon_core.package_identification:_identify(src) by extensions ['ros']
[1.820s] Level 1:colcon.colcon_core.package_identification:_identify(src) by extension 'ros'
[1.820s] Level 1:colcon.colcon_core.package_identification:_identify(src) by extensions ['cmake', 'python']
[1.821s] Level 1:colcon.colcon_core.package_identification:_identify(src) by extension 'cmake'
[1.821s] Level 1:colcon.colcon_core.package_identification:_identify(src) by extension 'python'
[1.821s] Level 1:colcon.colcon_core.package_identification:_identify(src) by extensions ['python_setup_py']
[1.822s] Level 1:colcon.colcon_core.package_identification:_identify(src) by extension 'python_setup_py'
[1.823s] Level 1:colcon.colcon_core.package_identification:_identify(src/turtle_follower) by extensions ['ignore', 'ignore_ament_install']
[1.824s] Level 1:colcon.colcon_core.package_identification:_identify(src/turtle_follower) by extension 'ignore'
[1.826s] Level 1:colcon.colcon_core.package_identification:_identify(src/turtle_follower) by extension 'ignore_ament_install'
[1.827s] Level 1:colcon.colcon_core.package_identification:_identify(src/turtle_follower) by extensions ['colcon_pkg']
[1.829s] Level 1:colcon.colcon_core.package_identification:_identify(src/turtle_follower) by extension 'colcon_pkg'
[1.830s] Level 1:colcon.colcon_core.package_identification:_identify(src/turtle_follower) by extensions ['colcon_meta']
[1.830s] Level 1:colcon.colcon_core.package_identification:_identify(src/turtle_follower) by extension 'colcon_meta'
[1.830s] Level 1:colcon.colcon_core.package_identification:_identify(src/turtle_follower) by extensions ['ros']
[1.831s] Level 1:colcon.colcon_core.package_identification:_identify(src/turtle_follower) by extension 'ros'
[1.847s] DEBUG:colcon.colcon_core.package_identification:Package 'src/turtle_follower' with type 'ros.ament_python' and name 'turtle_follower'
[1.848s] Level 1:colcon.colcon_core.package_discovery:discover_packages(recursive) using defaults
[1.848s] Level 1:colcon.colcon_core.package_discovery:discover_packages(ignore) discover
[1.848s] Level 1:colcon.colcon_core.package_discovery:discover_packages(ignore) using defaults
[1.849s] Level 1:colcon.colcon_core.package_discovery:discover_packages(path) discover
[1.849s] Level 1:colcon.colcon_core.package_discovery:discover_packages(path) using defaults
[1.991s] Level 1:colcon.colcon_core.package_discovery:discover_packages(prefix_path) check parameters
[1.992s] Level 1:colcon.colcon_core.package_discovery:discover_packages(prefix_path) discover
[2.015s] DEBUG:colcon.colcon_installed_package_information.package_discovery:Found 1 installed packages in /home/luotianyi/ros2_ws/install
[2.034s] DEBUG:colcon.colcon_installed_package_information.package_discovery:Found 281 installed packages in /opt/ros/iron
[2.049s] Level 1:colcon.colcon_core.package_discovery:discover_packages(prefix_path) using defaults
[2.369s] Level 5:colcon.colcon_core.verb:set package 'turtle_follower' build argument 'cmake_args' from command line to 'None'
[2.370s] Level 5:colcon.colcon_core.verb:set package 'turtle_follower' build argument 'cmake_target' from command line to 'None'
[2.370s] Level 5:colcon.colcon_core.verb:set package 'turtle_follower' build argument 'cmake_target_skip_unavailable' from command line to 'False'
[2.370s] Level 5:colcon.colcon_core.verb:set package 'turtle_follower' build argument 'cmake_clean_cache' from command line to 'False'
[2.371s] Level 5:colcon.colcon_core.verb:set package 'turtle_follower' build argument 'cmake_clean_first' from command line to 'False'
[2.371s] Level 5:colcon.colcon_core.verb:set package 'turtle_follower' build argument 'cmake_force_configure' from command line to 'False'
[2.371s] Level 5:colcon.colcon_core.verb:set package 'turtle_follower' build argument 'ament_cmake_args' from command line to 'None'
[2.371s] Level 5:colcon.colcon_core.verb:set package 'turtle_follower' build argument 'catkin_cmake_args' from command line to 'None'
[2.371s] Level 5:colcon.colcon_core.verb:set package 'turtle_follower' build argument 'catkin_skip_building_tests' from command line to 'False'
[2.374s] DEBUG:colcon.colcon_core.verb:Building package 'turtle_follower' with the following arguments: {'ament_cmake_args': None, 'build_base': '/home/luotianyi/ros2_ws/build/turtle_follower', 'catkin_cmake_args': None, 'catkin_skip_building_tests': False, 'cmake_args': None, 'cmake_clean_cache': False, 'cmake_clean_first': False, 'cmake_force_configure': False, 'cmake_target': None, 'cmake_target_skip_unavailable': False, 'install_base': '/home/luotianyi/ros2_ws/install/turtle_follower', 'merge_install': False, 'path': '/home/luotianyi/ros2_ws/src/turtle_follower', 'symlink_install': False, 'test_result_base': None}
[2.375s] INFO:colcon.colcon_core.executor:Executing jobs using 'parallel' executor
[2.387s] DEBUG:colcon.colcon_parallel_executor.executor.parallel:run_until_complete
[2.391s] INFO:colcon.colcon_ros.task.ament_python.build:Building ROS package in '/home/luotianyi/ros2_ws/src/turtle_follower' with build type 'ament_python'
[2.393s] Level 1:colcon.colcon_core.shell:create_environment_hook('turtle_follower', 'ament_prefix_path')
[2.409s] INFO:colcon.colcon_core.plugin_system:Skipping extension 'colcon_core.shell.bat': Not used on non-Windows systems
[2.411s] INFO:colcon.colcon_core.shell:Creating environment hook '/home/luotianyi/ros2_ws/install/turtle_follower/share/turtle_follower/hook/ament_prefix_path.ps1'
[2.417s] INFO:colcon.colcon_core.shell:Creating environment descriptor '/home/luotianyi/ros2_ws/install/turtle_follower/share/turtle_follower/hook/ament_prefix_path.dsv'
[2.423s] INFO:colcon.colcon_core.shell:Creating environment hook '/home/luotianyi/ros2_ws/install/turtle_follower/share/turtle_follower/hook/ament_prefix_path.sh'
[2.435s] INFO:colcon.colcon_core.shell:Skip shell extension 'powershell' for command environment: Not usable outside of PowerShell
[2.438s] DEBUG:colcon.colcon_core.shell:Skip shell extension 'dsv' for command environment
[4.723s] INFO:colcon.colcon_core.task.python.build:Building Python package in '/home/luotianyi/ros2_ws/src/turtle_follower'
[4.724s] INFO:colcon.colcon_core.shell:Skip shell extension 'powershell' for command environment: Not usable outside of PowerShell
[4.724s] DEBUG:colcon.colcon_core.shell:Skip shell extension 'dsv' for command environment
[7.263s] DEBUG:colcon.colcon_core.event_handler.log_command:Invoking command in '/home/luotianyi/ros2_ws/src/turtle_follower': PYTHONPATH=/home/luotianyi/ros2_ws/build/turtle_follower/prefix_override:/usr/lib/python3/dist-packages/colcon_core/task/python/colcon_distutils_commands:/home/luotianyi/ros2_ws/install/turtle_follower/lib/python3.10/site-packages:${PYTHONPATH} /usr/bin/python3 -W ignore:setup.py install is deprecated setup.py egg_info --egg-base ../../build/turtle_follower build --build-base /home/luotianyi/ros2_ws/build/turtle_follower/build install --record /home/luotianyi/ros2_ws/build/turtle_follower/install.log --single-version-externally-managed install_data
[9.782s] DEBUG:colcon.colcon_core.event_handler.log_command:Invoked command in '/home/luotianyi/ros2_ws/src/turtle_follower' returned '0': PYTHONPATH=/home/luotianyi/ros2_ws/build/turtle_follower/prefix_override:/usr/lib/python3/dist-packages/colcon_core/task/python/colcon_distutils_commands:/home/luotianyi/ros2_ws/install/turtle_follower/lib/python3.10/site-packages:${PYTHONPATH} /usr/bin/python3 -W ignore:setup.py install is deprecated setup.py egg_info --egg-base ../../build/turtle_follower build --build-base /home/luotianyi/ros2_ws/build/turtle_follower/build install --record /home/luotianyi/ros2_ws/build/turtle_follower/install.log --single-version-externally-managed install_data
[9.817s] Level 1:colcon.colcon_core.environment:checking '/home/luotianyi/ros2_ws/install/turtle_follower' for CMake module files
[9.819s] Level 1:colcon.colcon_core.environment:checking '/home/luotianyi/ros2_ws/install/turtle_follower' for CMake config files
[9.824s] Level 1:colcon.colcon_core.environment:checking '/home/luotianyi/ros2_ws/install/turtle_follower/lib'
[9.824s] Level 1:colcon.colcon_core.environment:checking '/home/luotianyi/ros2_ws/install/turtle_follower/bin'
[9.825s] Level 1:colcon.colcon_core.environment:checking '/home/luotianyi/ros2_ws/install/turtle_follower/lib/pkgconfig/turtle_follower.pc'
[9.826s] Level 1:colcon.colcon_core.environment:checking '/home/luotianyi/ros2_ws/install/turtle_follower/lib/python3.10/site-packages'
[9.827s] Level 1:colcon.colcon_core.shell:create_environment_hook('turtle_follower', 'pythonpath')
[9.827s] INFO:colcon.colcon_core.shell:Creating environment hook '/home/luotianyi/ros2_ws/install/turtle_follower/share/turtle_follower/hook/pythonpath.ps1'
[9.830s] INFO:colcon.colcon_core.shell:Creating environment descriptor '/home/luotianyi/ros2_ws/install/turtle_follower/share/turtle_follower/hook/pythonpath.dsv'
[9.832s] INFO:colcon.colcon_core.shell:Creating environment hook '/home/luotianyi/ros2_ws/install/turtle_follower/share/turtle_follower/hook/pythonpath.sh'
[9.836s] Level 1:colcon.colcon_core.environment:checking '/home/luotianyi/ros2_ws/install/turtle_follower/bin'
[9.837s] Level 1:colcon.colcon_core.environment:create_environment_scripts_only(turtle_follower)
[9.838s] INFO:colcon.colcon_core.shell:Creating package script '/home/luotianyi/ros2_ws/install/turtle_follower/share/turtle_follower/package.ps1'
[9.841s] INFO:colcon.colcon_core.shell:Creating package descriptor '/home/luotianyi/ros2_ws/install/turtle_follower/share/turtle_follower/package.dsv'
[9.844s] INFO:colcon.colcon_core.shell:Creating package script '/home/luotianyi/ros2_ws/install/turtle_follower/share/turtle_follower/package.sh'
[9.851s] INFO:colcon.colcon_core.shell:Creating package script '/home/luotianyi/ros2_ws/install/turtle_follower/share/turtle_follower/package.bash'
[9.856s] INFO:colcon.colcon_core.shell:Creating package script '/home/luotianyi/ros2_ws/install/turtle_follower/share/turtle_follower/package.zsh'
[9.863s] Level 1:colcon.colcon_core.environment:create_file_with_runtime_dependencies(/home/luotianyi/ros2_ws/install/turtle_follower/share/colcon-core/packages/turtle_follower)
[9.865s] DEBUG:colcon.colcon_parallel_executor.executor.parallel:closing loop
[9.866s] DEBUG:colcon.colcon_parallel_executor.executor.parallel:loop closed
[9.870s] DEBUG:colcon.colcon_parallel_executor.executor.parallel:run_until_complete finished with '0'
[9.870s] DEBUG:colcon.colcon_core.event_reactor:joining thread
[9.902s] INFO:colcon.colcon_core.plugin_system:Skipping extension 'colcon_notification.desktop_notification.terminal_notifier': Not used on non-Darwin systems
[9.902s] INFO:colcon.colcon_core.plugin_system:Skipping extension 'colcon_notification.desktop_notification.win32': Not used on non-Windows systems
[9.902s] INFO:colcon.colcon_notification.desktop_notification:Sending desktop notification using 'notify2'
[10.013s] DEBUG:colcon.colcon_core.event_reactor:joined thread
[10.014s] INFO:colcon.colcon_core.shell:Creating prefix script '/home/luotianyi/ros2_ws/install/local_setup.ps1'
[10.030s] INFO:colcon.colcon_core.shell:Creating prefix util module '/home/luotianyi/ros2_ws/install/_local_setup_util_ps1.py'
[10.043s] INFO:colcon.colcon_core.shell:Creating prefix chain script '/home/luotianyi/ros2_ws/install/setup.ps1'
[10.053s] INFO:colcon.colcon_core.shell:Creating prefix script '/home/luotianyi/ros2_ws/install/local_setup.sh'
[10.060s] INFO:colcon.colcon_core.shell:Creating prefix util module '/home/luotianyi/ros2_ws/install/_local_setup_util_sh.py'
[10.067s] INFO:colcon.colcon_core.shell:Creating prefix chain script '/home/luotianyi/ros2_ws/install/setup.sh'
[10.075s] INFO:colcon.colcon_core.shell:Creating prefix script '/home/luotianyi/ros2_ws/install/local_setup.bash'
[10.082s] INFO:colcon.colcon_core.shell:Creating prefix chain script '/home/luotianyi/ros2_ws/install/setup.bash'
[10.090s] INFO:colcon.colcon_core.shell:Creating prefix script '/home/luotianyi/ros2_ws/install/local_setup.zsh'
[10.099s] INFO:colcon.colcon_core.shell:Creating prefix chain script '/home/luotianyi/ros2_ws/install/setup.zsh'
