running egg_info
writing ../../build/turtle_follower/turtle_follower.egg-info/PKG-INFO
writing dependency_links to ../../build/turtle_follower/turtle_follower.egg-info/dependency_links.txt
writing entry points to ../../build/turtle_follower/turtle_follower.egg-info/entry_points.txt
writing requirements to ../../build/turtle_follower/turtle_follower.egg-info/requires.txt
writing top-level names to ../../build/turtle_follower/turtle_follower.egg-info/top_level.txt
reading manifest file '../../build/turtle_follower/turtle_follower.egg-info/SOURCES.txt'
writing manifest file '../../build/turtle_follower/turtle_follower.egg-info/SOURCES.txt'
running build
running build_py
copying turtle_follower/turtle_follower.py -> /home/luotianyi/ros2_ws/build/turtle_follower/build/lib/turtle_follower
running install
running install_lib
copying /home/luotianyi/ros2_ws/build/turtle_follower/build/lib/turtle_follower/turtle_follower.py -> /home/luotianyi/ros2_ws/install/turtle_follower/lib/python3.10/site-packages/turtle_follower
byte-compiling /home/luotianyi/ros2_ws/install/turtle_follower/lib/python3.10/site-packages/turtle_follower/turtle_follower.py to turtle_follower.cpython-310.pyc
running install_data
running install_egg_info
removing '/home/luotianyi/ros2_ws/install/turtle_follower/lib/python3.10/site-packages/turtle_follower-0.0.0-py3.10.egg-info' (and everything under it)
Copying ../../build/turtle_follower/turtle_follower.egg-info to /home/luotianyi/ros2_ws/install/turtle_follower/lib/python3.10/site-packages/turtle_follower-0.0.0-py3.10.egg-info
running install_scripts
Installing turtle_follower script to /home/luotianyi/ros2_ws/install/turtle_follower/lib/turtle_follower
writing list of installed files to '/home/luotianyi/ros2_ws/build/turtle_follower/install.log'
