[1.112s] Invoking command in '/home/luotianyi/ros2_ws/src/turtle_follower': PYTHONPATH=/home/luotianyi/ros2_ws/build/turtle_follower/prefix_override:/usr/lib/python3/dist-packages/colcon_core/task/python/colcon_distutils_commands:/home/luotianyi/ros2_ws/install/turtle_follower/lib/python3.10/site-packages:${PYTHONPATH} /usr/bin/python3 -W ignore:setup.py install is deprecated setup.py egg_info --egg-base ../../build/turtle_follower build --build-base /home/luotianyi/ros2_ws/build/turtle_follower/build install --record /home/luotianyi/ros2_ws/build/turtle_follower/install.log --single-version-externally-managed install_data
[1.526s] running egg_info
[1.528s] writing ../../build/turtle_follower/turtle_follower.egg-info/PKG-INFO
[1.530s] writing dependency_links to ../../build/turtle_follower/turtle_follower.egg-info/dependency_links.txt
[1.531s] writing entry points to ../../build/turtle_follower/turtle_follower.egg-info/entry_points.txt
[1.532s] writing requirements to ../../build/turtle_follower/turtle_follower.egg-info/requires.txt
[1.532s] writing top-level names to ../../build/turtle_follower/turtle_follower.egg-info/top_level.txt
[1.535s] reading manifest file '../../build/turtle_follower/turtle_follower.egg-info/SOURCES.txt'
[1.537s] writing manifest file '../../build/turtle_follower/turtle_follower.egg-info/SOURCES.txt'
[1.537s] running build
[1.537s] running build_py
[1.540s] copying turtle_follower/turtle_follower.py -> /home/luotianyi/ros2_ws/build/turtle_follower/build/lib/turtle_follower
[1.542s] running install
[1.542s] running install_lib
[1.542s] copying /home/luotianyi/ros2_ws/build/turtle_follower/build/lib/turtle_follower/turtle_follower.py -> /home/luotianyi/ros2_ws/install/turtle_follower/lib/python3.10/site-packages/turtle_follower
[1.542s] byte-compiling /home/luotianyi/ros2_ws/install/turtle_follower/lib/python3.10/site-packages/turtle_follower/turtle_follower.py to turtle_follower.cpython-310.pyc
[1.545s] running install_data
[1.545s] running install_egg_info
[1.552s] removing '/home/luotianyi/ros2_ws/install/turtle_follower/lib/python3.10/site-packages/turtle_follower-0.0.0-py3.10.egg-info' (and everything under it)
[1.552s] Copying ../../build/turtle_follower/turtle_follower.egg-info to /home/luotianyi/ros2_ws/install/turtle_follower/lib/python3.10/site-packages/turtle_follower-0.0.0-py3.10.egg-info
[1.552s] running install_scripts
[1.589s] Installing turtle_follower script to /home/luotianyi/ros2_ws/install/turtle_follower/lib/turtle_follower
[1.590s] writing list of installed files to '/home/luotianyi/ros2_ws/build/turtle_follower/install.log'
[1.633s] Invoked command in '/home/luotianyi/ros2_ws/src/turtle_follower' returned '0': PYTHONPATH=/home/luotianyi/ros2_ws/build/turtle_follower/prefix_override:/usr/lib/python3/dist-packages/colcon_core/task/python/colcon_distutils_commands:/home/luotianyi/ros2_ws/install/turtle_follower/lib/python3.10/site-packages:${PYTHONPATH} /usr/bin/python3 -W ignore:setup.py install is deprecated setup.py egg_info --egg-base ../../build/turtle_follower build --build-base /home/luotianyi/ros2_ws/build/turtle_follower/build install --record /home/luotianyi/ros2_ws/build/turtle_follower/install.log --single-version-externally-managed install_data
