[4.623s] Invoking command in '/home/luotianyi/ros2_ws/src/turtle_follower': PYTHONPATH=/home/luotianyi/ros2_ws/build/turtle_follower/prefix_override:/usr/lib/python3/dist-packages/colcon_core/task/python/colcon_distutils_commands:/home/luotianyi/ros2_ws/install/turtle_follower/lib/python3.10/site-packages:${PYTHONPATH} /usr/bin/python3 -W ignore:setup.py install is deprecated setup.py egg_info --egg-base ../../build/turtle_follower build --build-base /home/luotianyi/ros2_ws/build/turtle_follower/build install --record /home/luotianyi/ros2_ws/build/turtle_follower/install.log --single-version-externally-managed install_data
[6.576s] running egg_info
[6.589s] writing ../../build/turtle_follower/turtle_follower.egg-info/PKG-INFO
[6.594s] writing dependency_links to ../../build/turtle_follower/turtle_follower.egg-info/dependency_links.txt
[6.596s] writing entry points to ../../build/turtle_follower/turtle_follower.egg-info/entry_points.txt
[6.607s] writing requirements to ../../build/turtle_follower/turtle_follower.egg-info/requires.txt
[6.608s] writing top-level names to ../../build/turtle_follower/turtle_follower.egg-info/top_level.txt
[6.628s] reading manifest file '../../build/turtle_follower/turtle_follower.egg-info/SOURCES.txt'
[6.638s] writing manifest file '../../build/turtle_follower/turtle_follower.egg-info/SOURCES.txt'
[6.641s] running build
[6.647s] running build_py
[6.648s] copying turtle_follower/turtle_square.py -> /home/luotianyi/ros2_ws/build/turtle_follower/build/lib/turtle_follower
[6.648s] running install
[6.651s] running install_lib
[6.656s] copying /home/luotianyi/ros2_ws/build/turtle_follower/build/lib/turtle_follower/turtle_square.py -> /home/luotianyi/ros2_ws/install/turtle_follower/lib/python3.10/site-packages/turtle_follower
[6.666s] byte-compiling /home/luotianyi/ros2_ws/install/turtle_follower/lib/python3.10/site-packages/turtle_follower/turtle_square.py to turtle_square.cpython-310.pyc
[6.674s] running install_data
[6.675s] running install_egg_info
[6.688s] removing '/home/luotianyi/ros2_ws/install/turtle_follower/lib/python3.10/site-packages/turtle_follower-0.0.0-py3.10.egg-info' (and everything under it)
[6.696s] Copying ../../build/turtle_follower/turtle_follower.egg-info to /home/luotianyi/ros2_ws/install/turtle_follower/lib/python3.10/site-packages/turtle_follower-0.0.0-py3.10.egg-info
[6.701s] running install_scripts
[6.885s] Installing turtle_follower script to /home/luotianyi/ros2_ws/install/turtle_follower/lib/turtle_follower
[6.886s] Installing turtle_square script to /home/luotianyi/ros2_ws/install/turtle_follower/lib/turtle_follower
[6.890s] writing list of installed files to '/home/luotianyi/ros2_ws/build/turtle_follower/install.log'
[7.021s] Invoked command in '/home/luotianyi/ros2_ws/src/turtle_follower' returned '0': PYTHONPATH=/home/luotianyi/ros2_ws/build/turtle_follower/prefix_override:/usr/lib/python3/dist-packages/colcon_core/task/python/colcon_distutils_commands:/home/luotianyi/ros2_ws/install/turtle_follower/lib/python3.10/site-packages:${PYTHONPATH} /usr/bin/python3 -W ignore:setup.py install is deprecated setup.py egg_info --egg-base ../../build/turtle_follower build --build-base /home/luotianyi/ros2_ws/build/turtle_follower/build install --record /home/luotianyi/ros2_ws/build/turtle_follower/install.log --single-version-externally-managed install_data
